<?xml version="1.0" encoding="UTF-8"?>
<testng-results skipped="0" failed="0" ignored="0" total="1" passed="1">
  <reporter-output>
  </reporter-output>
  <suite name="Default suite" duration-ms="87989" started-at="2019-02-27T12:21:23Z" finished-at="2019-02-27T12:22:51Z">
    <groups>
    </groups>
    <test name="Default test" duration-ms="87989" started-at="2019-02-27T12:21:23Z" finished-at="2019-02-27T12:22:51Z">
      <class name="com.training.sanity.tests.TC055">
        <test-method status="PASS" signature="setUpBeforeClass()[pri:0, instance:com.training.sanity.tests.TC055@42d80b78]" name="setUpBeforeClass" is-config="true" duration-ms="11" started-at="2019-02-27T12:21:23Z" finished-at="2019-02-27T12:21:23Z">
          <reporter-output>
          </reporter-output>
        </test-method> <!-- setUpBeforeClass -->
        <test-method status="PASS" signature="setUp()[pri:0, instance:com.training.sanity.tests.TC055@42d80b78]" name="setUp" is-config="true" duration-ms="34302" started-at="2019-02-27T12:21:23Z" finished-at="2019-02-27T12:21:58Z">
          <reporter-output>
          </reporter-output>
        </test-method> <!-- setUp -->
        <test-method status="PASS" signature="validLoginTest()[pri:0, instance:com.training.sanity.tests.TC055@42d80b78]" name="validLoginTest" duration-ms="53657" started-at="2019-02-27T12:21:58Z" finished-at="2019-02-27T12:22:51Z">
          <reporter-output>
          </reporter-output>
        </test-method> <!-- validLoginTest -->
      </class> <!-- com.training.sanity.tests.TC055 -->
    </test> <!-- Default test -->
  </suite> <!-- Default suite -->
</testng-results>
