<?xml version="1.0" encoding="UTF-8"?>
<testng-results skipped="0" failed="0" ignored="0" total="1" passed="1">
  <reporter-output>
  </reporter-output>
  <suite name="Default suite" duration-ms="21970" started-at="2019-02-18T11:53:53Z" finished-at="2019-02-18T11:54:15Z">
    <groups>
    </groups>
    <test name="Default test" duration-ms="21970" started-at="2019-02-18T11:53:53Z" finished-at="2019-02-18T11:54:15Z">
      <class name="com.training.sanity.tests.TC023">
        <test-method status="PASS" signature="setUpBeforeClass()[pri:0, instance:com.training.sanity.tests.TC023@3bfdc050]" name="setUpBeforeClass" is-config="true" duration-ms="14" started-at="2019-02-18T11:53:53Z" finished-at="2019-02-18T11:53:53Z">
          <reporter-output>
          </reporter-output>
        </test-method> <!-- setUpBeforeClass -->
        <test-method status="PASS" signature="setUp()[pri:0, instance:com.training.sanity.tests.TC023@3bfdc050]" name="setUp" is-config="true" duration-ms="5236" started-at="2019-02-18T11:53:53Z" finished-at="2019-02-18T11:53:58Z">
          <reporter-output>
          </reporter-output>
        </test-method> <!-- setUp -->
        <test-method status="PASS" signature="validLoginTest()[pri:0, instance:com.training.sanity.tests.TC023@3bfdc050]" name="validLoginTest" duration-ms="2049" started-at="2019-02-18T11:53:58Z" finished-at="2019-02-18T11:54:00Z">
          <reporter-output>
          </reporter-output>
        </test-method> <!-- validLoginTest -->
        <test-method status="PASS" signature="tearDown()[pri:0, instance:com.training.sanity.tests.TC023@3bfdc050]" name="tearDown" is-config="true" duration-ms="14652" started-at="2019-02-18T11:54:00Z" finished-at="2019-02-18T11:54:15Z">
          <reporter-output>
          </reporter-output>
        </test-method> <!-- tearDown -->
      </class> <!-- com.training.sanity.tests.TC023 -->
    </test> <!-- Default test -->
  </suite> <!-- Default suite -->
</testng-results>
